[debug] ----------------------------------------------------------------------
[debug] Command:      F:\NodeJS\node.exe C:\Users\Sebastian\AppData\Roaming\npm\node_modules\firebase-tools\bin\firebase deploy
[debug] CLI Version:  3.5.0
[debug] Platform:     win32
[debug] Node Version: v6.10.0
[debug] Time:         Thu Mar 23 2017 20:41:25 GMT+0100 (West-Europa (standaardtijd))
[debug] ----------------------------------------------------------------------
[debug] 
[debug] > command requires scopes: ["email","openid","https://www.googleapis.com/auth/cloudplatformprojects.readonly","https://www.googleapis.com/auth/firebase","https://www.googleapis.com/auth/cloud-platform"]
[debug] > refreshing access token with scopes: ["email","https://www.googleapis.com/auth/cloud-platform","https://www.googleapis.com/auth/cloudplatformprojects.readonly","https://www.googleapis.com/auth/firebase","openid"]
[debug] >>> HTTP REQUEST POST https://www.googleapis.com/oauth2/v3/token { refresh_token: '1/WZW6Pn6EAghotakilXlx8pvJkRJgW1cciH2LC9i3rNQ',
  client_id: '563584335869-fgrhgmd47bqnekij5i8b5pr03ho849e6.apps.googleusercontent.com',
  client_secret: 'j9iVZfS8kkCEFUPaAeJV0sAi',
  grant_type: 'refresh_token',
  scope: 'email https://www.googleapis.com/auth/cloud-platform https://www.googleapis.com/auth/cloudplatformprojects.readonly https://www.googleapis.com/auth/firebase openid' } 
 Thu Mar 23 2017 20:41:25 GMT+0100 (West-Europa (standaardtijd))
[debug] <<< HTTP RESPONSE 200
[debug] >>> HTTP REQUEST GET https://admin.firebase.com/v1/projects/eastcourt-62fa1  
 Thu Mar 23 2017 20:41:26 GMT+0100 (West-Europa (standaardtijd))
[debug] <<< HTTP RESPONSE 200
[debug] >>> HTTP REQUEST GET https://admin.firebase.com/v1/database/eastcourt-62fa1/tokens  
 Thu Mar 23 2017 20:41:27 GMT+0100 (West-Europa (standaardtijd))
[debug] <<< HTTP RESPONSE 200
[info] 
[info] === Deploying to 'eastcourt-62fa1'...
[info] 
[info] i  deploying database, functions, hosting
[info] +  database: rules ready to deploy.
[debug] > [functions] package.json contents: {
  "name": "functions",
  "description": "Cloud Functions for Firebase",
  "dependencies": {
    "firebase-admin": "^4.1.2",
    "firebase-functions": "^0.5"
  },
  "private": true
}
[info] i  functions: ensuring necessary APIs are enabled...
[info] i  runtimeconfig: ensuring necessary APIs are enabled...
[debug] >>> HTTP REQUEST GET https://servicemanagement.googleapis.com/v1/services/cloudfunctions.googleapis.com/projectSettings/eastcourt-62fa1?view=CONSUMER_VIEW  
 Thu Mar 23 2017 20:41:29 GMT+0100 (West-Europa (standaardtijd))
[debug] >>> HTTP REQUEST GET https://servicemanagement.googleapis.com/v1/services/runtimeconfig.googleapis.com/projectSettings/eastcourt-62fa1?view=CONSUMER_VIEW  
 Thu Mar 23 2017 20:41:29 GMT+0100 (West-Europa (standaardtijd))
[debug] <<< HTTP RESPONSE 200
[info] +  runtimeconfig: all necessary APIs are enabled
[debug] <<< HTTP RESPONSE 200
[info] +  functions: all necessary APIs are enabled
[debug] >>> HTTP REQUEST GET https://appengine.googleapis.com/v1/apps/eastcourt-62fa1  
 Thu Mar 23 2017 20:41:30 GMT+0100 (West-Europa (standaardtijd))
[debug] >>> HTTP REQUEST GET https://apikeys.googleapis.com/v1/projects/eastcourt-62fa1/apiKeys  
 Thu Mar 23 2017 20:41:30 GMT+0100 (West-Europa (standaardtijd))
[debug] <<< HTTP RESPONSE 200
[debug] <<< HTTP RESPONSE 200
[info] i  functions: preparing functions directory for uploading...
[debug] >>> HTTP REQUEST GET https://runtimeconfig.googleapis.com/v1beta1/projects/eastcourt-62fa1/configs  
 Thu Mar 23 2017 20:41:37 GMT+0100 (West-Europa (standaardtijd))
[debug] <<< HTTP RESPONSE 200
[debug] > [functions] runtime config materialized as: {
  "firebase": {
    "databaseURL": "https://eastcourt-62fa1.firebaseio.com",
    "storageBucket": "eastcourt-62fa1.appspot.com",
    "apiKey": "AIzaSyC90t-Z8MZsQAn5n4AR8N5-PPBKaClpU7o",
    "authDomain": "eastcourt-62fa1.firebaseapp.com"
  }
}
[debug] > [functions] parsed triggers: []
[info] i  hosting: preparing dist directory for upload...
[debug] >>> HTTP REQUEST PUT https://deploy.firebase.com/v1/hosting/eastcourt-62fa1/uploads/-Kfwg2IRlLOu_VK0ZKYC?fileCount=22&message=  
 Thu Mar 23 2017 20:41:39 GMT+0100 (West-Europa (standaardtijd))
